0: 68
1: 65
2: 65
3: 69
4: 67
5: 67
6: 66
7: 67
8: 73
9: 66
10: 69
11: 65
12: 66
13: 66
14: 66
15: 67
16: 65
17: 65
18: 65
19: 65
20: 65
21: 68
22: 66
23: 70
24: 67
25: 73
26: 67
27: 66
28: 68
29: 70
30: 67
31: 65
32: 66
33: 67
34: 68
35: 67
36: 66
37: 67
38: 65
39: 65
40: 65
41: 68
42: 66
43: 65
44: 65
45: 66
46: 70
47: 65
48: 66
49: 65
50: 66
51: 69
52: 66
53: 66
54: 65
55: 65
56: 72
57: 67
58: 69
59: 67
60: 66
61: 70
62: 66
63: 67
64: 65
65: 69
66: 69
67: 67
68: 66
69: 65
70: 69
71: 67
72: 65
73: 69
74: 65
75: 65
76: 67
77: 67
78: 65
79: 66
80: 65
81: 68
82: 73
83: 68
84: 65
85: 68
86: 65
87: 67
88: 67
89: 66
90: 65
91: 68
92: 66
93: 65
94: 75
95: 68
96: 68
97: 65
98: 69
99: 65
100: 66
101: 79
102: 67
103: 65
104: 67
105: 69
106: 65
107: 66
108: 68
109: 68
110: 77
111: 69
112: 67
113: 69
114: 70
115: 66
116: 65
117: 65
118: 70
119: 68
120: 65
121: 69
122: 69
123: 66
124: 66
125: 65
126: 69
127: 74
128: 65
129: 71
130: 66
131: 66
132: 67
133: 66
134: 69
135: 65
136: 66
137: 68
138: 71
139: 77
140: 67
141: 71
142: 67
143: 65
144: 66
145: 66
146: 65
147: 66
148: 71
149: 65
150: 65
151: 67
152: 65
153: 68
154: 69
155: 72
156: 69
157: 69
158: 65
159: 66
160: 65
161: 73
162: 65
163: 65
164: 66
165: 67
166: 65
167: 69
168: 65
169: 67
170: 65
171: 68
172: 67
173: 65
174: 67
175: 66
176: 66
177: 65
178: 66
179: 65
180: 65
181: 71
182: 67
183: 70
184: 66
185: 65
186: 76
187: 68
188: 65
189: 66
190: 65
191: 66
192: 65
193: 72
194: 68
195: 70
196: 74
197: 66
198: 66
199: 66
200: 65
201: 70
202: 67
203: 68
204: 66
205: 65
206: 68
207: 67
208: 76
209: 71
210: 69
211: 66
212: 70
213: 67
214: 70
215: 69
216: 67
217: 69
218: 65
219: 65
220: 66
221: 67
222: 68
223: 67
224: 68
225: 69
226: 65
227: 66
228: 65
229: 66
230: 72
231: 66
232: 72
233: 66
234: 65
235: 66
236: 68
237: 75
238: 66
239: 69
240: 67
241: 68
242: 72
243: 66
244: 69
245: 69
246: 67
247: 65
248: 70
249: 65
250: 65
251: 66
252: 73
253: 68
254: 67
255: 65
256: 69
257: 65
258: 65
259: 65
260: 67
261: 65
262: 66
263: 66
264: 72
265: 66
266: 67
267: 69
268: 65
269: 67
270: 79
271: 73
272: 69
273: 65
274: 68
275: 66
276: 65
277: 65
278: 65
279: 67
280: 74
281: 67
282: 65
283: 86
284: 65
285: 67
286: 65
287: 68
288: 66
289: 67
290: 68
291: 67
292: 69
293: 68
294: 65
295: 71
296: 65
297: 67
298: 65
299: 67
300: 69
301: 65
302: 65
303: 67
304: 72
305: 77
306: 68
307: 66
308: 68
309: 68
310: 68
311: 67
312: 68
313: 70
314: 65
315: 69
316: 69
317: 66
318: 66
319: 66
320: 69
321: 65
322: 71
323: 66
324: 69
325: 67
326: 67
327: 67
328: 65
329: 78
330: 75
331: 66
332: 68
333: 66
334: 80
335: 68
336: 65
337: 65
338: 68
339: 65
340: 65
341: 65
342: 65
343: 65
344: 71
345: 66
346: 65
347: 72
348: 65
349: 65
350: 65
351: 66
352: 65
353: 67
354: 68
355: 65
356: 66
357: 68
358: 67
359: 66
360: 66
361: 66
362: 78
363: 72
364: 70
365: 65
366: 67
367: 66
368: 65
369: 68
370: 67
371: 71
372: 69
373: 66
374: 65
375: 67
376: 66
377: 66
378: 70
379: 67
380: 68
381: 68
382: 66
383: 67
384: 65
385: 66
386: 65
387: 72
388: 70
389: 65
390: 75
391: 66
392: 65
393: 67
394: 68
395: 69
396: 68
397: 69
398: 69
399: 65
400: 66
401: 65
402: 65
403: 66
404: 67
405: 65
406: 68
407: 70
408: 67
409: 70
410: 67
411: 69
412: 75
413: 65
414: 65
415: 65
416: 71
417: 71
418: 65
419: 65
420: 65
421: 66
422: 66
423: 66
424: 70
425: 65
426: 65
427: 66
428: 65
429: 71
430: 68
431: 71
432: 66
433: 65
434: 67
435: 67
436: 68
437: 67
438: 72
439: 70
440: 68
441: 67
442: 67
443: 65
444: 68
445: 75
446: 67
447: 70
448: 65
449: 65
450: 69
451: 72
452: 69
453: 69
454: 74
455: 65
456: 66
457: 66
458: 65
459: 69
460: 66
461: 68
462: 67
463: 71
464: 65
465: 66
466: 66
467: 66
468: 72
469: 74
470: 72
471: 69
472: 65
473: 67
474: 65
475: 65
476: 65
477: 65
478: 65
479: 72
480: 70
481: 68
482: 70
483: 65
484: 66
485: 66
486: 66
487: 65
488: 67
489: 67
490: 67
491: 65
492: 69
493: 70
494: 78
495: 65
496: 67
497: 66
498: 65
499: 67
500: 71
501: 67
502: 71
503: 67
504: 65
505: 70
506: 66
507: 68
508: 69
509: 67
510: 65
511: 72
512: 66
513: 66
514: 65
515: 67
516: 66
517: 72
518: 67
519: 68
520: 71
521: 68
522: 65
523: 68
524: 69
525: 65
526: 72
527: 70
528: 66
529: 65
530: 66
531: 72
532: 66
533: 68
534: 66
535: 66
536: 69
537: 74
538: 69
539: 65
540: 66
541: 71
542: 75
543: 67
544: 66
545: 69
546: 65
547: 66
548: 72
549: 66
550: 70
551: 68
552: 73
553: 67
554: 69
555: 66
556: 68
557: 66
558: 68
559: 76
560: 69
561: 65
562: 68
563: 67
564: 66
565: 65
566: 65
567: 66
568: 70
569: 70
570: 65
571: 66
572: 65
573: 69
574: 67
575: 66
576: 69
577: 66
578: 66
579: 66
580: 70
581: 68
582: 67
583: 66
584: 66
585: 72
586: 70
587: 65
588: 66
589: 66
590: 65
591: 66
592: 71
593: 65
594: 67
595: 67
596: 65
597: 65
598: 72
599: 65
600: 68
601: 69
602: 68
603: 65
604: 68
605: 65
606: 65
607: 65
608: 68
609: 65
610: 65
611: 70
612: 69
613: 69
614: 69
615: 66
616: 65
617: 65
618: 73
619: 65
620: 70
621: 65
622: 73
623: 71
624: 68
625: 65
626: 66
627: 65
628: 66
629: 67
630: 66
631: 66
632: 65
633: 71
634: 70
635: 66
636: 69
637: 65
638: 68
639: 65
640: 67
641: 65
642: 66
643: 65
644: 73
645: 67
646: 66
647: 74
648: 70
649: 65
650: 65
651: 69
652: 65
653: 68
654: 65
655: 70
656: 65
657: 67
658: 67
659: 67
660: 70
661: 69
662: 65
663: 67
664: 69
665: 67
666: 70
667: 65
668: 66
669: 68
670: 67
671: 65
672: 67
673: 66
674: 68
675: 72
676: 77
677: 66
678: 69
679: 67
680: 69
681: 70
682: 65
683: 65
684: 65
685: 70
686: 65
687: 67
688: 66
689: 66
690: 68
691: 65
692: 69
693: 65
694: 67
695: 68
696: 66
697: 65
698: 65
699: 69
700: 68
701: 66
702: 66
703: 69
704: 66
705: 66
706: 67
707: 67
708: 66
709: 66
710: 66
711: 65
712: 65
713: 66
714: 67
715: 65
716: 66
717: 66
718: 67
719: 67
720: 65
721: 69
722: 66
723: 70
724: 65
725: 70
726: 69
727: 71
728: 69
729: 65
730: 66
731: 69
732: 67
733: 79
734: 65
735: 65
736: 70
737: 69
738: 70
739: 68
740: 67
741: 65
742: 67
743: 72
744: 79
745: 67
746: 65
747: 72
748: 65
749: 71
750: 70
751: 67
752: 68
753: 77
754: 66
755: 68
756: 66
757: 65
758: 66
759: 73
760: 67
761: 66
762: 65
763: 67
764: 66
765: 65
766: 66
767: 69
768: 65
769: 69
770: 69
771: 66
772: 66
773: 67
774: 68
775: 66
776: 66
777: 74
778: 65
779: 66
780: 65
781: 67
782: 68
783: 66
784: 65
785: 71
786: 65
787: 68
788: 66
789: 65
790: 65
791: 65
792: 66
793: 69
794: 68
795: 70
796: 65
797: 65
798: 68
799: 65
800: 67
801: 66
802: 67
803: 68
804: 65
805: 75
806: 72
807: 68
808: 69
809: 65
810: 70
811: 68
812: 67
813: 67
814: 69
815: 67
816: 67
817: 67
818: 69
819: 74
820: 68
821: 67
822: 66
823: 70
824: 66
825: 69
826: 73
827: 65
828: 67
829: 65
830: 65
831: 68
832: 70
833: 71
834: 71
835: 65
836: 65
837: 65
838: 82
839: 65
840: 69
841: 65
842: 73
843: 69
844: 68
845: 68
846: 66
847: 67
848: 66
849: 69
850: 65
851: 66
852: 65
853: 65
854: 66
855: 65
856: 65
857: 66
858: 65
859: 70
860: 68
861: 65
862: 65
863: 65
864: 66
865: 66
866: 66
867: 66
868: 76
869: 70
870: 67
871: 67
872: 65
873: 68
874: 65
875: 70
876: 65
877: 65
878: 65
879: 65
880: 69
881: 65
882: 67
883: 66
884: 70
885: 66
886: 68
887: 66
888: 66
889: 68
890: 65
891: 67
892: 69
893: 65
894: 70
895: 66
896: 66
897: 67
898: 65
899: 68
900: 68
901: 65
902: 78
903: 74
904: 67
905: 65
906: 65
907: 68
908: 68
909: 69
910: 65
911: 65
912: 65
913: 65
914: 74
915: 70
916: 65
917: 71
918: 65
919: 65
920: 66
921: 72
922: 69
923: 73
924: 68
925: 65
926: 72
927: 65
928: 67
929: 67
930: 65
931: 65
932: 72
933: 65
934: 65
935: 68
936: 65
937: 66
938: 65
939: 70
940: 65
941: 65
942: 65
943: 68
944: 71
945: 65
946: 66
947: 65
948: 65
949: 68
950: 67
951: 66
952: 68
953: 65
954: 65
955: 69
956: 77
957: 69
958: 65
959: 68
960: 79
961: 71
962: 74
963: 66
964: 70
965: 65
966: 68
967: 66
968: 65
969: 67
970: 66
971: 68
972: 67
973: 66
974: 65
975: 69
976: 65
977: 68
978: 66
979: 65
980: 65
981: 71
982: 68
983: 66
984: 75
985: 72
986: 71
987: 67
988: 67
989: 74
990: 73
991: 68
992: 65
993: 68
994: 65
995: 65
996: 65
997: 66
998: 65
999: 65
